<?xml version="1.0" encoding="UTF-8"?>
<coverage generated="1587197331810" clover="3.2.0">
  <project timestamp="1587197331810" name="All files">
    <metrics statements="15" coveredstatements="10" conditionals="6" coveredconditionals="5" methods="5" coveredmethods="4" elements="26" coveredelements="19" complexity="0" loc="15" ncloc="15" packages="1" files="4" classes="4"/>
    <file name="App.vue" path="F:\study\vue-jest-demo\src\App.vue">
      <metrics statements="2" coveredstatements="0" conditionals="0" coveredconditionals="0" methods="0" coveredmethods="0"/>
      <line num="10" count="0" type="stmt"/>
      <line num="11" count="0" type="stmt"/>
    </file>
    <file name="Jest.vue" path="F:\study\vue-jest-demo\src\Jest.vue">
      <metrics statements="5" coveredstatements="5" conditionals="2" coveredconditionals="2" methods="3" coveredmethods="3"/>
      <line num="13" count="4" type="stmt"/>
      <line num="19" count="3" type="stmt"/>
      <line num="23" count="2" type="cond" truecount="2" falsecount="0"/>
      <line num="24" count="1" type="stmt"/>
      <line num="26" count="1" type="stmt"/>
    </file>
    <file name="main.js" path="F:\study\vue-jest-demo\src\main.js">
      <metrics statements="3" coveredstatements="0" conditionals="0" coveredconditionals="0" methods="1" coveredmethods="0"/>
      <line num="4" count="0" type="stmt"/>
      <line num="6" count="0" type="stmt"/>
      <line num="7" count="0" type="stmt"/>
    </file>
    <file name="util.js" path="F:\study\vue-jest-demo\src\util.js">
      <metrics statements="5" coveredstatements="5" conditionals="4" coveredconditionals="3" methods="1" coveredmethods="1"/>
      <line num="6" count="3" type="cond" truecount="2" falsecount="0"/>
      <line num="7" count="2" type="stmt"/>
      <line num="9" count="3" type="cond" truecount="1" falsecount="1"/>
      <line num="10" count="3" type="stmt"/>
      <line num="12" count="3" type="stmt"/>
    </file>
  </project>
</coverage>
