TN:
SF:F:\study\vue-jest-demo\src\App.vue
FNF:0
FNH:0
DA:11,0
LF:1
LH:0
BRF:0
BRH:0
end_of_record
TN:
SF:F:\study\vue-jest-demo\src\Jest.vue
FN:12,(anonymous_1)
FN:18,(anonymous_2)
FN:22,(anonymous_3)
FNF:3
FNH:3
FNDA:4,(anonymous_1)
FNDA:3,(anonymous_2)
FNDA:2,(anonymous_3)
DA:13,4
DA:19,3
DA:23,2
DA:24,1
DA:26,1
LF:5
LH:5
BRDA:23,0,0,1
BRDA:23,0,1,1
BRF:2
BRH:2
end_of_record
TN:
SF:F:\study\vue-jest-demo\src\main.js
FN:7,(anonymous_0)
FNF:1
FNH:0
FNDA:0,(anonymous_0)
DA:4,0
DA:6,0
DA:7,0
LF:3
LH:0
BRF:0
BRH:0
end_of_record
TN:
SF:F:\study\vue-jest-demo\src\util.js
FN:1,add
FNF:1
FNH:1
FNDA:3,add
DA:6,3
DA:7,2
DA:9,3
DA:10,3
DA:12,3
LF:5
LH:5
BRDA:6,0,0,2
BRDA:6,0,1,1
BRDA:9,1,0,3
BRDA:9,1,1,0
BRF:4
BRH:3
end_of_record
